[Appium] Welcome to Appium v1.7.1
[Appium] Non-default server args:
[Appium]   port: 57048
[Appium]   loglevel: info
[Appium]   chromeDriverPort: 57049
[Appium]   tmpDir: C:\Users\MA006~1.KAM\AppData\Local\Temp\\Katalon\Appium\Temp1545047719204
[Appium] Appium REST http interface listener started on 0.0.0.0:57048
[HTTP] --> GET /wd/hub/status {}
[HTTP] <-- GET /wd/hub/status 200 72 ms - 83 
[HTTP] --> GET /wd/hub/status {}
[HTTP] <-- GET /wd/hub/status 200 105 ms - 83 
[HTTP] --> POST /wd/hub/session {"desiredCapabilities":{"app":"C:\\Users\\M.Kamel\\AppData\\Roaming\\npm\\com.aradocs.schooolz.apk","autoGrantPermissions":true,"automationName":"uiautomator2","deviceName":"samsung SM-J730F (Android 7.0)","fullReset":false,"newCommandTimeout":1800,"noReset":true,"platform":"ANDROID","platformName":"Android","udid":"52006282488aa4db"},"capabilities":{"desiredCapabilities":{"app":"C:\\Users\\M.Kamel\\AppData\\Roaming\\npm\\com.aradocs.schooolz.apk","autoGrantPermissions":true,"automationName":"uiautomator2","deviceName":"samsung SM-J730F (Android 7.0)","fullReset":false,"newCommandTimeout":1800,"noReset":true,"platform":"ANDROID","platformName":"Android","udid":"52006282488aa4db"},"firstMatch":[{"platformName":"android"}]}}
[Appium] Creating new AndroidUiautomator2Driver (v0.6.5) session
[Appium] Capabilities:
[Appium]   app: 'C:\\Users\\M.Kamel\\AppData\\Roaming\\npm\\com.aradocs.schooolz.apk'
[Appium]   autoGrantPermissions: true
[Appium]   automationName: 'uiautomator2'
[Appium]   deviceName: 'samsung SM-J730F (Android 7.0)'
[Appium]   fullReset: false
[Appium]   newCommandTimeout: 1800
[Appium]   noReset: true
[Appium]   platform: 'ANDROID'
[Appium]   platformName: 'Android'
[Appium]   udid: '52006282488aa4db'
[BaseDriver] The following capabilities were provided, but are not recognized by appium: platform.
[BaseDriver] Session created with session id: b947fd6c-c04c-42c7-b858-8958d4ab2470
[BaseDriver] Using local app 'C:\Users\M.Kamel\AppData\Roaming\npm\com.aradocs.schooolz.apk'
[AndroidDriver] Java version is: 1.8.0_181
[ADB] Checking whether adb is present
[ADB] Using adb.exe from C:\Users\M.Kamel\.katalon\tools\android_sdk\platform-tools\adb.exe
[AndroidDriver] Retrieving device list
[AndroidDriver] Using device: 52006282488aa4db
[ADB] Checking whether adb is present
[ADB] Using adb.exe from C:\Users\M.Kamel\.katalon\tools\android_sdk\platform-tools\adb.exe
[ADB] Checking whether aapt is present
[ADB] Using aapt.exe from C:\Users\M.Kamel\.katalon\tools\android_sdk\build-tools\28.0.3\aapt.exe
[ADB] Extracting package and launch activity from manifest
[ADB] Getting device platform version
[ADB] Checking whether aapt is present
[ADB] Using aapt.exe from C:\Users\M.Kamel\.katalon\tools\android_sdk\build-tools\28.0.3\aapt.exe
[ADB] io.appium.settings was successfully uninstalled
[AndroidDriver] Screen already unlocked, doing nothing
[ADB] Checking whether zipalign is present
[ADB] Using zipalign.exe from C:\Users\M.Kamel\.katalon\tools\android_sdk\build-tools\28.0.3\zipalign.exe
[AndroidDriver] Remote apk path is /data/local/tmp/601500aa3a4b2adea7de88e13e9509f5.apk
[ADB] Checking whether aapt is present
[ADB] Using aapt.exe from C:\Users\M.Kamel\.katalon\tools\android_sdk\build-tools\28.0.3\aapt.exe
[ADB] Extracting package and launch activity from manifest
[ADB] com.aradocs.schooolz contains no permissions available for granting.
[UiAutomator2] Starting uiautomator2 server v0.1.8
[UiAutomator2] Running command: 'adb -s 52006282488aa4db shell am instrument -w io.appium.uiautomator2.server.test/android.support.test.runner.AndroidJUnitRunner'
[UiAutomator2] Waiting up to 20000ms for UiAutomator2 to be online...
[UiAutomator2] UiAutomator2 did not start the activity we were waiting for, 'com.aradocs.schooolz/com.aradocs.schooolz.SplashScreen'. Starting it ourselves
[Appium] New AndroidUiautomator2Driver session created successfully, session b947fd6c-c04c-42c7-b858-8958d4ab2470 added to master session list
[HTTP] <-- POST /wd/hub/session 200 57684 ms - 385 
[HTTP] --> GET /wd/hub/status {}
[HTTP] <-- GET /wd/hub/status 200 81 ms - 83 
[HTTP] --> POST /wd/hub/session/b947fd6c-c04c-42c7-b858-8958d4ab2470/timeouts {"type":"implicit","ms":60000}
[HTTP] <-- POST /wd/hub/session/b947fd6c-c04c-42c7-b858-8958d4ab2470/timeouts 200 6 ms - 76 
[HTTP] --> GET /wd/hub/session/b947fd6c-c04c-42c7-b858-8958d4ab2470/source {}
[MJSONWP] Driver proxy active, passing request on via HTTP proxy
[JSONWP Proxy] Replacing sessionId bdf1e810-b8a5-4344-98db-15e415da9c31 with b947fd6c-c04c-42c7-b858-8958d4ab2470
[HTTP] <-- GET /wd/hub/session/b947fd6c-c04c-42c7-b858-8958d4ab2470/source 200 248 ms - 2251 
[HTTP] --> GET /wd/hub/session/b947fd6c-c04c-42c7-b858-8958d4ab2470/screenshot {}
[HTTP] <-- GET /wd/hub/session/b947fd6c-c04c-42c7-b858-8958d4ab2470/screenshot 200 3651 ms - 1408114 
[HTTP] --> GET /wd/hub/session/b947fd6c-c04c-42c7-b858-8958d4ab2470/source {}
[MJSONWP] Driver proxy active, passing request on via HTTP proxy
[JSONWP Proxy] Replacing sessionId bdf1e810-b8a5-4344-98db-15e415da9c31 with b947fd6c-c04c-42c7-b858-8958d4ab2470
[HTTP] <-- GET /wd/hub/session/b947fd6c-c04c-42c7-b858-8958d4ab2470/source 200 489 ms - 56777 
[HTTP] --> GET /wd/hub/session/b947fd6c-c04c-42c7-b858-8958d4ab2470/screenshot {}
[HTTP] <-- GET /wd/hub/session/b947fd6c-c04c-42c7-b858-8958d4ab2470/screenshot 200 1909 ms - 761914 
[HTTP] --> GET /wd/hub/session/b947fd6c-c04c-42c7-b858-8958d4ab2470/window/current/size {}
[MJSONWP] Driver proxy active, passing request on via HTTP proxy
[JSONWP Proxy] Replacing sessionId bdf1e810-b8a5-4344-98db-15e415da9c31 with b947fd6c-c04c-42c7-b858-8958d4ab2470
[HTTP] <-- GET /wd/hub/session/b947fd6c-c04c-42c7-b858-8958d4ab2470/window/current/size 200 39 ms - 100 
[HTTP] --> POST /wd/hub/session/b947fd6c-c04c-42c7-b858-8958d4ab2470/elements {"using":"xpath","value":"//hierarchy/android.widget.FrameLayout[1]/android.widget.LinearLayout[1]/android.widget.FrameLayout[1]/android.widget.LinearLayout[1]/android.widget.FrameLayout[1]/android.view.ViewGroup[1]/android.widget.FrameLayout[1]/android.widget.ScrollView[1]/android.view.ViewGroup[1]/android.view.ViewGroup[1]/android.widget.ImageView[2]"}
[HTTP] <-- POST /wd/hub/session/b947fd6c-c04c-42c7-b858-8958d4ab2470/elements 200 295 ms - 124 
[HTTP] --> GET /wd/hub/session/b947fd6c-c04c-42c7-b858-8958d4ab2470 {}
[HTTP] <-- GET /wd/hub/session/b947fd6c-c04c-42c7-b858-8958d4ab2470 200 1 ms - 1049 
[HTTP] --> GET /wd/hub/session/b947fd6c-c04c-42c7-b858-8958d4ab2470 {}
[HTTP] <-- GET /wd/hub/session/b947fd6c-c04c-42c7-b858-8958d4ab2470 200 1 ms - 1049 
[HTTP] --> GET /wd/hub/session/b947fd6c-c04c-42c7-b858-8958d4ab2470 {}
[HTTP] <-- GET /wd/hub/session/b947fd6c-c04c-42c7-b858-8958d4ab2470 200 1 ms - 1049 
[HTTP] --> GET /wd/hub/session/b947fd6c-c04c-42c7-b858-8958d4ab2470 {}
[HTTP] <-- GET /wd/hub/session/b947fd6c-c04c-42c7-b858-8958d4ab2470 200 1 ms - 1049 
[HTTP] --> GET /wd/hub/session/b947fd6c-c04c-42c7-b858-8958d4ab2470/element/6594e9ee-6d2a-4234-a7c3-0b376c309db2/location {}
[MJSONWP] Driver proxy active, passing request on via HTTP proxy
[JSONWP Proxy] Replacing sessionId bdf1e810-b8a5-4344-98db-15e415da9c31 with b947fd6c-c04c-42c7-b858-8958d4ab2470
[HTTP] <-- GET /wd/hub/session/b947fd6c-c04c-42c7-b858-8958d4ab2470/element/6594e9ee-6d2a-4234-a7c3-0b376c309db2/location 200 42 ms - 89 
[HTTP] --> POST /wd/hub/session/b947fd6c-c04c-42c7-b858-8958d4ab2470/touch/perform {"actions":[{"action":"tap","options":{"element":"6594e9ee-6d2a-4234-a7c3-0b376c309db2","x":1,"y":1}}]}
[UiAutomator2] calling get location: 6594e9ee-6d2a-4234-a7c3-0b376c309db2
[HTTP] <-- POST /wd/hub/session/b947fd6c-c04c-42c7-b858-8958d4ab2470/touch/perform 200 117 ms - 76 
[HTTP] --> GET /wd/hub/session/b947fd6c-c04c-42c7-b858-8958d4ab2470/source {}
[MJSONWP] Driver proxy active, passing request on via HTTP proxy
[JSONWP Proxy] Replacing sessionId bdf1e810-b8a5-4344-98db-15e415da9c31 with b947fd6c-c04c-42c7-b858-8958d4ab2470
[HTTP] <-- GET /wd/hub/session/b947fd6c-c04c-42c7-b858-8958d4ab2470/source 200 265 ms - 6749 
[HTTP] --> GET /wd/hub/session/b947fd6c-c04c-42c7-b858-8958d4ab2470/screenshot {}
[HTTP] <-- GET /wd/hub/session/b947fd6c-c04c-42c7-b858-8958d4ab2470/screenshot 200 1521 ms - 487518 
[HTTP] --> GET /wd/hub/session/b947fd6c-c04c-42c7-b858-8958d4ab2470/window/current/size {}
[MJSONWP] Driver proxy active, passing request on via HTTP proxy
[JSONWP Proxy] Replacing sessionId bdf1e810-b8a5-4344-98db-15e415da9c31 with b947fd6c-c04c-42c7-b858-8958d4ab2470
[HTTP] <-- GET /wd/hub/session/b947fd6c-c04c-42c7-b858-8958d4ab2470/window/current/size 200 36 ms - 100 
[HTTP] --> POST /wd/hub/session/b947fd6c-c04c-42c7-b858-8958d4ab2470/elements {"using":"xpath","value":"//hierarchy/android.widget.FrameLayout[1]/android.widget.FrameLayout[1]/android.widget.FrameLayout[1]/android.widget.LinearLayout[1]/android.widget.RelativeLayout[1]/android.widget.FrameLayout[1]/android.widget.LinearLayout[1]/android.widget.EditText[1]"}
[HTTP] <-- POST /wd/hub/session/b947fd6c-c04c-42c7-b858-8958d4ab2470/elements 200 80 ms - 124 
[HTTP] --> GET /wd/hub/session/b947fd6c-c04c-42c7-b858-8958d4ab2470 {}
[HTTP] <-- GET /wd/hub/session/b947fd6c-c04c-42c7-b858-8958d4ab2470 200 1 ms - 1049 
[HTTP] --> GET /wd/hub/session/b947fd6c-c04c-42c7-b858-8958d4ab2470 {}
[HTTP] <-- GET /wd/hub/session/b947fd6c-c04c-42c7-b858-8958d4ab2470 200 1 ms - 1049 
[HTTP] --> GET /wd/hub/session/b947fd6c-c04c-42c7-b858-8958d4ab2470 {}
[HTTP] <-- GET /wd/hub/session/b947fd6c-c04c-42c7-b858-8958d4ab2470 200 1 ms - 1049 
[HTTP] --> GET /wd/hub/session/b947fd6c-c04c-42c7-b858-8958d4ab2470 {}
[HTTP] <-- GET /wd/hub/session/b947fd6c-c04c-42c7-b858-8958d4ab2470 200 1 ms - 1049 
[HTTP] --> GET /wd/hub/session/b947fd6c-c04c-42c7-b858-8958d4ab2470/element/3575a14a-e3bf-4e9c-8e7f-85363c5cc433/location {}
[MJSONWP] Driver proxy active, passing request on via HTTP proxy
[JSONWP Proxy] Replacing sessionId bdf1e810-b8a5-4344-98db-15e415da9c31 with b947fd6c-c04c-42c7-b858-8958d4ab2470
[HTTP] <-- GET /wd/hub/session/b947fd6c-c04c-42c7-b858-8958d4ab2470/element/3575a14a-e3bf-4e9c-8e7f-85363c5cc433/location 200 39 ms - 89 
[HTTP] --> POST /wd/hub/session/b947fd6c-c04c-42c7-b858-8958d4ab2470/element/3575a14a-e3bf-4e9c-8e7f-85363c5cc433/clear {"id":"3575a14a-e3bf-4e9c-8e7f-85363c5cc433"}
[HTTP] <-- POST /wd/hub/session/b947fd6c-c04c-42c7-b858-8958d4ab2470/element/3575a14a-e3bf-4e9c-8e7f-85363c5cc433/clear 200 2508 ms - 76 
[HTTP] --> POST /wd/hub/session/b947fd6c-c04c-42c7-b858-8958d4ab2470/element/3575a14a-e3bf-4e9c-8e7f-85363c5cc433/value {"id":"3575a14a-e3bf-4e9c-8e7f-85363c5cc433","value":["student@yahoo.com"]}
[HTTP] <-- POST /wd/hub/session/b947fd6c-c04c-42c7-b858-8958d4ab2470/element/3575a14a-e3bf-4e9c-8e7f-85363c5cc433/value 200 719 ms - 74 
[HTTP] --> GET /wd/hub/session/b947fd6c-c04c-42c7-b858-8958d4ab2470/source {}
[MJSONWP] Driver proxy active, passing request on via HTTP proxy
[JSONWP Proxy] Replacing sessionId bdf1e810-b8a5-4344-98db-15e415da9c31 with b947fd6c-c04c-42c7-b858-8958d4ab2470
[HTTP] <-- GET /wd/hub/session/b947fd6c-c04c-42c7-b858-8958d4ab2470/source 200 431 ms - 6717 
[HTTP] --> GET /wd/hub/session/b947fd6c-c04c-42c7-b858-8958d4ab2470/screenshot {}
[HTTP] <-- GET /wd/hub/session/b947fd6c-c04c-42c7-b858-8958d4ab2470/screenshot 200 1393 ms - 471006 
[HTTP] --> GET /wd/hub/session/b947fd6c-c04c-42c7-b858-8958d4ab2470/window/current/size {}
[MJSONWP] Driver proxy active, passing request on via HTTP proxy
[JSONWP Proxy] Replacing sessionId bdf1e810-b8a5-4344-98db-15e415da9c31 with b947fd6c-c04c-42c7-b858-8958d4ab2470
[HTTP] <-- GET /wd/hub/session/b947fd6c-c04c-42c7-b858-8958d4ab2470/window/current/size 200 26 ms - 100 
[HTTP] --> POST /wd/hub/session/b947fd6c-c04c-42c7-b858-8958d4ab2470/elements {"using":"xpath","value":"//hierarchy/android.widget.FrameLayout[1]/android.widget.FrameLayout[1]/android.widget.FrameLayout[1]/android.widget.LinearLayout[1]/android.widget.RelativeLayout[1]/android.widget.FrameLayout[1]/android.widget.LinearLayout[1]/android.widget.EditText[2]"}
[HTTP] <-- POST /wd/hub/session/b947fd6c-c04c-42c7-b858-8958d4ab2470/elements 200 79 ms - 124 
[HTTP] --> GET /wd/hub/session/b947fd6c-c04c-42c7-b858-8958d4ab2470 {}
[HTTP] <-- GET /wd/hub/session/b947fd6c-c04c-42c7-b858-8958d4ab2470 200 1 ms - 1049 
[HTTP] --> GET /wd/hub/session/b947fd6c-c04c-42c7-b858-8958d4ab2470 {}
[HTTP] <-- GET /wd/hub/session/b947fd6c-c04c-42c7-b858-8958d4ab2470 200 2 ms - 1049 
[HTTP] --> GET /wd/hub/session/b947fd6c-c04c-42c7-b858-8958d4ab2470 {}
[HTTP] <-- GET /wd/hub/session/b947fd6c-c04c-42c7-b858-8958d4ab2470 200 2 ms - 1049 
[HTTP] --> GET /wd/hub/session/b947fd6c-c04c-42c7-b858-8958d4ab2470 {}
[HTTP] <-- GET /wd/hub/session/b947fd6c-c04c-42c7-b858-8958d4ab2470 200 1 ms - 1049 
[HTTP] --> GET /wd/hub/session/b947fd6c-c04c-42c7-b858-8958d4ab2470/element/81c7e6a6-57f6-4407-98e3-736642cf5e46/location {}
[MJSONWP] Driver proxy active, passing request on via HTTP proxy
[JSONWP Proxy] Replacing sessionId bdf1e810-b8a5-4344-98db-15e415da9c31 with b947fd6c-c04c-42c7-b858-8958d4ab2470
[HTTP] <-- GET /wd/hub/session/b947fd6c-c04c-42c7-b858-8958d4ab2470/element/81c7e6a6-57f6-4407-98e3-736642cf5e46/location 200 21 ms - 89 
[HTTP] --> POST /wd/hub/session/b947fd6c-c04c-42c7-b858-8958d4ab2470/element/81c7e6a6-57f6-4407-98e3-736642cf5e46/clear {"id":"81c7e6a6-57f6-4407-98e3-736642cf5e46"}
[HTTP] <-- POST /wd/hub/session/b947fd6c-c04c-42c7-b858-8958d4ab2470/element/81c7e6a6-57f6-4407-98e3-736642cf5e46/clear 200 1992 ms - 76 
[HTTP] --> POST /wd/hub/session/b947fd6c-c04c-42c7-b858-8958d4ab2470/element/81c7e6a6-57f6-4407-98e3-736642cf5e46/value {"id":"81c7e6a6-57f6-4407-98e3-736642cf5e46","value":["123456"]}
[HTTP] <-- POST /wd/hub/session/b947fd6c-c04c-42c7-b858-8958d4ab2470/element/81c7e6a6-57f6-4407-98e3-736642cf5e46/value 200 740 ms - 74 
[HTTP] --> GET /wd/hub/session/b947fd6c-c04c-42c7-b858-8958d4ab2470/source {}
[MJSONWP] Driver proxy active, passing request on via HTTP proxy
[JSONWP Proxy] Replacing sessionId bdf1e810-b8a5-4344-98db-15e415da9c31 with b947fd6c-c04c-42c7-b858-8958d4ab2470
[HTTP] <-- GET /wd/hub/session/b947fd6c-c04c-42c7-b858-8958d4ab2470/source 200 208 ms - 6714 
[HTTP] --> GET /wd/hub/session/b947fd6c-c04c-42c7-b858-8958d4ab2470/screenshot {}
[HTTP] <-- GET /wd/hub/session/b947fd6c-c04c-42c7-b858-8958d4ab2470/screenshot 200 1455 ms - 456894 
[HTTP] --> GET /wd/hub/session/b947fd6c-c04c-42c7-b858-8958d4ab2470/window/current/size {}
[MJSONWP] Driver proxy active, passing request on via HTTP proxy
[JSONWP Proxy] Replacing sessionId bdf1e810-b8a5-4344-98db-15e415da9c31 with b947fd6c-c04c-42c7-b858-8958d4ab2470
[HTTP] <-- GET /wd/hub/session/b947fd6c-c04c-42c7-b858-8958d4ab2470/window/current/size 200 27 ms - 100 
[HTTP] --> POST /wd/hub/session/b947fd6c-c04c-42c7-b858-8958d4ab2470/elements {"using":"xpath","value":"//hierarchy/android.widget.FrameLayout[1]/android.widget.FrameLayout[1]/android.widget.FrameLayout[1]/android.widget.LinearLayout[1]/android.widget.RelativeLayout[1]/android.widget.FrameLayout[1]/android.widget.LinearLayout[1]/android.widget.Button[1]"}
[HTTP] <-- POST /wd/hub/session/b947fd6c-c04c-42c7-b858-8958d4ab2470/elements 200 79 ms - 124 
[HTTP] --> GET /wd/hub/session/b947fd6c-c04c-42c7-b858-8958d4ab2470 {}
[HTTP] <-- GET /wd/hub/session/b947fd6c-c04c-42c7-b858-8958d4ab2470 200 1 ms - 1049 
[HTTP] --> GET /wd/hub/session/b947fd6c-c04c-42c7-b858-8958d4ab2470 {}
[HTTP] <-- GET /wd/hub/session/b947fd6c-c04c-42c7-b858-8958d4ab2470 200 1 ms - 1049 
[HTTP] --> GET /wd/hub/session/b947fd6c-c04c-42c7-b858-8958d4ab2470 {}
[HTTP] <-- GET /wd/hub/session/b947fd6c-c04c-42c7-b858-8958d4ab2470 200 1 ms - 1049 
[HTTP] --> GET /wd/hub/session/b947fd6c-c04c-42c7-b858-8958d4ab2470 {}
[HTTP] <-- GET /wd/hub/session/b947fd6c-c04c-42c7-b858-8958d4ab2470 200 1 ms - 1049 
[HTTP] --> GET /wd/hub/session/b947fd6c-c04c-42c7-b858-8958d4ab2470/element/d0d4fb32-a9fa-4198-8988-a39c1055d1da/location {}
[MJSONWP] Driver proxy active, passing request on via HTTP proxy
[JSONWP Proxy] Replacing sessionId bdf1e810-b8a5-4344-98db-15e415da9c31 with b947fd6c-c04c-42c7-b858-8958d4ab2470
[HTTP] <-- GET /wd/hub/session/b947fd6c-c04c-42c7-b858-8958d4ab2470/element/d0d4fb32-a9fa-4198-8988-a39c1055d1da/location 200 32 ms - 89 
[HTTP] --> POST /wd/hub/session/b947fd6c-c04c-42c7-b858-8958d4ab2470/touch/perform {"actions":[{"action":"tap","options":{"element":"d0d4fb32-a9fa-4198-8988-a39c1055d1da","x":1,"y":1}}]}
[UiAutomator2] calling get location: d0d4fb32-a9fa-4198-8988-a39c1055d1da
[HTTP] <-- POST /wd/hub/session/b947fd6c-c04c-42c7-b858-8958d4ab2470/touch/perform 200 92 ms - 76 
[HTTP] --> GET /wd/hub/session/b947fd6c-c04c-42c7-b858-8958d4ab2470/source {}
[MJSONWP] Driver proxy active, passing request on via HTTP proxy
[JSONWP Proxy] Replacing sessionId bdf1e810-b8a5-4344-98db-15e415da9c31 with b947fd6c-c04c-42c7-b858-8958d4ab2470
[HTTP] <-- GET /wd/hub/session/b947fd6c-c04c-42c7-b858-8958d4ab2470/source 200 95 ms - 6714 
[HTTP] --> GET /wd/hub/session/b947fd6c-c04c-42c7-b858-8958d4ab2470/screenshot {}
[HTTP] <-- GET /wd/hub/session/b947fd6c-c04c-42c7-b858-8958d4ab2470/screenshot 200 1404 ms - 456894 
[HTTP] --> GET /wd/hub/session/b947fd6c-c04c-42c7-b858-8958d4ab2470/source {}
[MJSONWP] Driver proxy active, passing request on via HTTP proxy
[JSONWP Proxy] Replacing sessionId bdf1e810-b8a5-4344-98db-15e415da9c31 with b947fd6c-c04c-42c7-b858-8958d4ab2470
[HTTP] <-- GET /wd/hub/session/b947fd6c-c04c-42c7-b858-8958d4ab2470/source 200 524 ms - 26197 
[HTTP] --> GET /wd/hub/session/b947fd6c-c04c-42c7-b858-8958d4ab2470/screenshot {}
[HTTP] <-- GET /wd/hub/session/b947fd6c-c04c-42c7-b858-8958d4ab2470/screenshot 200 1784 ms - 395794 
[HTTP] --> GET /wd/hub/session/b947fd6c-c04c-42c7-b858-8958d4ab2470/context {}
[HTTP] <-- GET /wd/hub/session/b947fd6c-c04c-42c7-b858-8958d4ab2470/context 200 2 ms - 84 
[HTTP] --> GET /wd/hub/session/b947fd6c-c04c-42c7-b858-8958d4ab2470/contexts {}
[HTTP] <-- GET /wd/hub/session/b947fd6c-c04c-42c7-b858-8958d4ab2470/contexts 200 542 ms - 86 
[HTTP] --> POST /wd/hub/session/b947fd6c-c04c-42c7-b858-8958d4ab2470/context {"name":"NATIVE_APP"}
[HTTP] <-- POST /wd/hub/session/b947fd6c-c04c-42c7-b858-8958d4ab2470/context 200 152 ms - 76 
[HTTP] --> POST /wd/hub/session/b947fd6c-c04c-42c7-b858-8958d4ab2470/appium/device/press_keycode {"keycode":4}
[HTTP] <-- POST /wd/hub/session/b947fd6c-c04c-42c7-b858-8958d4ab2470/appium/device/press_keycode 200 81 ms - 76 
[HTTP] --> POST /wd/hub/session/b947fd6c-c04c-42c7-b858-8958d4ab2470/context {"name":"NATIVE_APP"}
[HTTP] <-- POST /wd/hub/session/b947fd6c-c04c-42c7-b858-8958d4ab2470/context 200 114 ms - 76 
[HTTP] --> GET /wd/hub/session/b947fd6c-c04c-42c7-b858-8958d4ab2470/source {}
[MJSONWP] Driver proxy active, passing request on via HTTP proxy
[JSONWP Proxy] Replacing sessionId bdf1e810-b8a5-4344-98db-15e415da9c31 with b947fd6c-c04c-42c7-b858-8958d4ab2470
[HTTP] <-- GET /wd/hub/session/b947fd6c-c04c-42c7-b858-8958d4ab2470/source 200 2828 ms - 56777 
[HTTP] --> GET /wd/hub/session/b947fd6c-c04c-42c7-b858-8958d4ab2470/screenshot {}
[HTTP] <-- GET /wd/hub/session/b947fd6c-c04c-42c7-b858-8958d4ab2470/screenshot 200 1841 ms - 761878 
[HTTP] --> GET /wd/hub/session/b947fd6c-c04c-42c7-b858-8958d4ab2470/window/current/size {}
[MJSONWP] Driver proxy active, passing request on via HTTP proxy
[JSONWP Proxy] Replacing sessionId bdf1e810-b8a5-4344-98db-15e415da9c31 with b947fd6c-c04c-42c7-b858-8958d4ab2470
[HTTP] <-- GET /wd/hub/session/b947fd6c-c04c-42c7-b858-8958d4ab2470/window/current/size 200 26 ms - 100 
[HTTP] --> POST /wd/hub/session/b947fd6c-c04c-42c7-b858-8958d4ab2470/elements {"using":"xpath","value":"//hierarchy/android.widget.FrameLayout[1]/android.widget.LinearLayout[1]/android.widget.FrameLayout[1]/android.widget.LinearLayout[1]/android.widget.FrameLayout[1]/android.view.ViewGroup[1]/android.widget.LinearLayout[1]/android.widget.LinearLayout[5]/android.widget.ImageView[1]"}
[HTTP] <-- POST /wd/hub/session/b947fd6c-c04c-42c7-b858-8958d4ab2470/elements 200 203 ms - 124 
[HTTP] --> GET /wd/hub/session/b947fd6c-c04c-42c7-b858-8958d4ab2470 {}
[HTTP] <-- GET /wd/hub/session/b947fd6c-c04c-42c7-b858-8958d4ab2470 200 6 ms - 1049 
[HTTP] --> GET /wd/hub/session/b947fd6c-c04c-42c7-b858-8958d4ab2470 {}
[HTTP] <-- GET /wd/hub/session/b947fd6c-c04c-42c7-b858-8958d4ab2470 200 1 ms - 1049 
[HTTP] --> GET /wd/hub/session/b947fd6c-c04c-42c7-b858-8958d4ab2470 {}
[HTTP] <-- GET /wd/hub/session/b947fd6c-c04c-42c7-b858-8958d4ab2470 200 1 ms - 1049 
[HTTP] --> GET /wd/hub/session/b947fd6c-c04c-42c7-b858-8958d4ab2470 {}
[HTTP] <-- GET /wd/hub/session/b947fd6c-c04c-42c7-b858-8958d4ab2470 200 1 ms - 1049 
[HTTP] --> GET /wd/hub/session/b947fd6c-c04c-42c7-b858-8958d4ab2470/element/3b01ac01-892c-4f9f-86d5-08c3d0cb5057/location {}
[MJSONWP] Driver proxy active, passing request on via HTTP proxy
[JSONWP Proxy] Replacing sessionId bdf1e810-b8a5-4344-98db-15e415da9c31 with b947fd6c-c04c-42c7-b858-8958d4ab2470
[HTTP] <-- GET /wd/hub/session/b947fd6c-c04c-42c7-b858-8958d4ab2470/element/3b01ac01-892c-4f9f-86d5-08c3d0cb5057/location 200 20 ms - 90 
[HTTP] --> POST /wd/hub/session/b947fd6c-c04c-42c7-b858-8958d4ab2470/touch/perform {"actions":[{"action":"tap","options":{"element":"3b01ac01-892c-4f9f-86d5-08c3d0cb5057","x":1,"y":1}}]}
[UiAutomator2] calling get location: 3b01ac01-892c-4f9f-86d5-08c3d0cb5057
[HTTP] <-- POST /wd/hub/session/b947fd6c-c04c-42c7-b858-8958d4ab2470/touch/perform 200 64 ms - 76 
[HTTP] --> GET /wd/hub/session/b947fd6c-c04c-42c7-b858-8958d4ab2470/source {}
[MJSONWP] Driver proxy active, passing request on via HTTP proxy
[JSONWP Proxy] Replacing sessionId bdf1e810-b8a5-4344-98db-15e415da9c31 with b947fd6c-c04c-42c7-b858-8958d4ab2470
[HTTP] <-- GET /wd/hub/session/b947fd6c-c04c-42c7-b858-8958d4ab2470/source 200 426 ms - 11141 
[HTTP] --> GET /wd/hub/session/b947fd6c-c04c-42c7-b858-8958d4ab2470/screenshot {}
[HTTP] <-- GET /wd/hub/session/b947fd6c-c04c-42c7-b858-8958d4ab2470/screenshot 200 1888 ms - 396366 
[HTTP] --> GET /wd/hub/session/b947fd6c-c04c-42c7-b858-8958d4ab2470/source {}
[MJSONWP] Driver proxy active, passing request on via HTTP proxy
[JSONWP Proxy] Replacing sessionId bdf1e810-b8a5-4344-98db-15e415da9c31 with b947fd6c-c04c-42c7-b858-8958d4ab2470
[HTTP] <-- GET /wd/hub/session/b947fd6c-c04c-42c7-b858-8958d4ab2470/source 200 248 ms - 36904 
[HTTP] --> GET /wd/hub/session/b947fd6c-c04c-42c7-b858-8958d4ab2470/screenshot {}
[HTTP] <-- GET /wd/hub/session/b947fd6c-c04c-42c7-b858-8958d4ab2470/screenshot 200 1749 ms - 547842 
[HTTP] --> GET /wd/hub/session/b947fd6c-c04c-42c7-b858-8958d4ab2470/window/current/size {}
[MJSONWP] Driver proxy active, passing request on via HTTP proxy
[JSONWP Proxy] Replacing sessionId bdf1e810-b8a5-4344-98db-15e415da9c31 with b947fd6c-c04c-42c7-b858-8958d4ab2470
[HTTP] <-- GET /wd/hub/session/b947fd6c-c04c-42c7-b858-8958d4ab2470/window/current/size 200 26 ms - 100 
[HTTP] --> POST /wd/hub/session/b947fd6c-c04c-42c7-b858-8958d4ab2470/elements {"using":"xpath","value":"//hierarchy/android.widget.FrameLayout[1]/android.widget.LinearLayout[1]/android.widget.FrameLayout[1]/android.widget.LinearLayout[1]/android.widget.FrameLayout[1]/android.view.ViewGroup[1]/android.widget.FrameLayout[1]/android.widget.RelativeLayout[1]/android.widget.GridView[1]/android.widget.LinearLayout[1]/android.widget.LinearLayout[2]/android.widget.ImageView[1]"}
[HTTP] <-- POST /wd/hub/session/b947fd6c-c04c-42c7-b858-8958d4ab2470/elements 200 147 ms - 124 
[HTTP] --> GET /wd/hub/session/b947fd6c-c04c-42c7-b858-8958d4ab2470 {}
[HTTP] <-- GET /wd/hub/session/b947fd6c-c04c-42c7-b858-8958d4ab2470 200 1 ms - 1049 
[HTTP] --> GET /wd/hub/session/b947fd6c-c04c-42c7-b858-8958d4ab2470 {}
[HTTP] <-- GET /wd/hub/session/b947fd6c-c04c-42c7-b858-8958d4ab2470 200 1 ms - 1049 
[HTTP] --> GET /wd/hub/session/b947fd6c-c04c-42c7-b858-8958d4ab2470 {}
[HTTP] <-- GET /wd/hub/session/b947fd6c-c04c-42c7-b858-8958d4ab2470 200 1 ms - 1049 
[HTTP] --> GET /wd/hub/session/b947fd6c-c04c-42c7-b858-8958d4ab2470 {}
[HTTP] <-- GET /wd/hub/session/b947fd6c-c04c-42c7-b858-8958d4ab2470 200 1 ms - 1049 
[HTTP] --> GET /wd/hub/session/b947fd6c-c04c-42c7-b858-8958d4ab2470/element/e862f84c-8af7-4e3a-b89b-31fe1d49a60c/location {}
[MJSONWP] Driver proxy active, passing request on via HTTP proxy
[JSONWP Proxy] Replacing sessionId bdf1e810-b8a5-4344-98db-15e415da9c31 with b947fd6c-c04c-42c7-b858-8958d4ab2470
[HTTP] <-- GET /wd/hub/session/b947fd6c-c04c-42c7-b858-8958d4ab2470/element/e862f84c-8af7-4e3a-b89b-31fe1d49a60c/location 200 18 ms - 89 
[HTTP] --> POST /wd/hub/session/b947fd6c-c04c-42c7-b858-8958d4ab2470/touch/perform {"actions":[{"action":"tap","options":{"element":"e862f84c-8af7-4e3a-b89b-31fe1d49a60c","x":1,"y":1}}]}
[UiAutomator2] calling get location: e862f84c-8af7-4e3a-b89b-31fe1d49a60c
[HTTP] <-- POST /wd/hub/session/b947fd6c-c04c-42c7-b858-8958d4ab2470/touch/perform 200 1636 ms - 76 
[HTTP] --> GET /wd/hub/session/b947fd6c-c04c-42c7-b858-8958d4ab2470/source {}
[MJSONWP] Driver proxy active, passing request on via HTTP proxy
[JSONWP Proxy] Replacing sessionId bdf1e810-b8a5-4344-98db-15e415da9c31 with b947fd6c-c04c-42c7-b858-8958d4ab2470
[HTTP] <-- GET /wd/hub/session/b947fd6c-c04c-42c7-b858-8958d4ab2470/source 200 878 ms - 29557 
[HTTP] --> GET /wd/hub/session/b947fd6c-c04c-42c7-b858-8958d4ab2470/screenshot {}
[HTTP] <-- GET /wd/hub/session/b947fd6c-c04c-42c7-b858-8958d4ab2470/screenshot 200 2263 ms - 699358 
[HTTP] --> GET /wd/hub/session/b947fd6c-c04c-42c7-b858-8958d4ab2470/window/current/size {}
[MJSONWP] Driver proxy active, passing request on via HTTP proxy
[JSONWP Proxy] Replacing sessionId bdf1e810-b8a5-4344-98db-15e415da9c31 with b947fd6c-c04c-42c7-b858-8958d4ab2470
[HTTP] <-- GET /wd/hub/session/b947fd6c-c04c-42c7-b858-8958d4ab2470/window/current/size 200 24 ms - 100 
[HTTP] --> POST /wd/hub/session/b947fd6c-c04c-42c7-b858-8958d4ab2470/elements {"using":"xpath","value":"//hierarchy/android.widget.FrameLayout[1]/android.widget.LinearLayout[1]/android.widget.FrameLayout[1]/android.widget.LinearLayout[1]/android.widget.FrameLayout[1]/android.widget.RelativeLayout[1]/android.support.v4.view.ViewPager[1]/android.widget.ScrollView[1]/android.widget.RelativeLayout[1]/android.widget.LinearLayout[1]/android.widget.LinearLayout[3]"}
[HTTP] <-- POST /wd/hub/session/b947fd6c-c04c-42c7-b858-8958d4ab2470/elements 200 101 ms - 124 
[HTTP] --> GET /wd/hub/session/b947fd6c-c04c-42c7-b858-8958d4ab2470 {}
[HTTP] <-- GET /wd/hub/session/b947fd6c-c04c-42c7-b858-8958d4ab2470 200 1 ms - 1049 
[HTTP] --> GET /wd/hub/session/b947fd6c-c04c-42c7-b858-8958d4ab2470 {}
[HTTP] <-- GET /wd/hub/session/b947fd6c-c04c-42c7-b858-8958d4ab2470 200 1 ms - 1049 
[HTTP] --> GET /wd/hub/session/b947fd6c-c04c-42c7-b858-8958d4ab2470 {}
[HTTP] <-- GET /wd/hub/session/b947fd6c-c04c-42c7-b858-8958d4ab2470 200 1 ms - 1049 
[HTTP] --> GET /wd/hub/session/b947fd6c-c04c-42c7-b858-8958d4ab2470 {}
[HTTP] <-- GET /wd/hub/session/b947fd6c-c04c-42c7-b858-8958d4ab2470 200 1 ms - 1049 
[HTTP] --> GET /wd/hub/session/b947fd6c-c04c-42c7-b858-8958d4ab2470/element/67e247e2-27c3-46f1-92fb-03b08fb5cef5/location {}
[MJSONWP] Driver proxy active, passing request on via HTTP proxy
[JSONWP Proxy] Replacing sessionId bdf1e810-b8a5-4344-98db-15e415da9c31 with b947fd6c-c04c-42c7-b858-8958d4ab2470
[HTTP] <-- GET /wd/hub/session/b947fd6c-c04c-42c7-b858-8958d4ab2470/element/67e247e2-27c3-46f1-92fb-03b08fb5cef5/location 200 19 ms - 89 
[HTTP] --> POST /wd/hub/session/b947fd6c-c04c-42c7-b858-8958d4ab2470/touch/perform {"actions":[{"action":"tap","options":{"element":"67e247e2-27c3-46f1-92fb-03b08fb5cef5","x":1,"y":1}}]}
[UiAutomator2] calling get location: 67e247e2-27c3-46f1-92fb-03b08fb5cef5
[HTTP] <-- POST /wd/hub/session/b947fd6c-c04c-42c7-b858-8958d4ab2470/touch/perform 200 76 ms - 76 
[HTTP] --> GET /wd/hub/session/b947fd6c-c04c-42c7-b858-8958d4ab2470/source {}
[MJSONWP] Driver proxy active, passing request on via HTTP proxy
[JSONWP Proxy] Replacing sessionId bdf1e810-b8a5-4344-98db-15e415da9c31 with b947fd6c-c04c-42c7-b858-8958d4ab2470
[HTTP] <-- GET /wd/hub/session/b947fd6c-c04c-42c7-b858-8958d4ab2470/source 200 448 ms - 7176 
[HTTP] --> GET /wd/hub/session/b947fd6c-c04c-42c7-b858-8958d4ab2470/screenshot {}
[HTTP] <-- GET /wd/hub/session/b947fd6c-c04c-42c7-b858-8958d4ab2470/screenshot 200 1608 ms - 401354 
[HTTP] --> GET /wd/hub/session/b947fd6c-c04c-42c7-b858-8958d4ab2470/window/current/size {}
[MJSONWP] Driver proxy active, passing request on via HTTP proxy
[JSONWP Proxy] Replacing sessionId bdf1e810-b8a5-4344-98db-15e415da9c31 with b947fd6c-c04c-42c7-b858-8958d4ab2470
[HTTP] <-- GET /wd/hub/session/b947fd6c-c04c-42c7-b858-8958d4ab2470/window/current/size 200 23 ms - 100 
[HTTP] --> POST /wd/hub/session/b947fd6c-c04c-42c7-b858-8958d4ab2470/elements {"using":"xpath","value":"//hierarchy/android.widget.FrameLayout[1]/android.widget.LinearLayout[1]/android.widget.FrameLayout[1]/android.widget.LinearLayout[1]/android.widget.FrameLayout[1]/android.widget.RelativeLayout[1]"}
[HTTP] <-- POST /wd/hub/session/b947fd6c-c04c-42c7-b858-8958d4ab2470/elements 200 60427 ms - 74 
[HTTP] --> GET /wd/hub/session/b947fd6c-c04c-42c7-b858-8958d4ab2470/source {}
[MJSONWP] Driver proxy active, passing request on via HTTP proxy
[JSONWP Proxy] Replacing sessionId bdf1e810-b8a5-4344-98db-15e415da9c31 with b947fd6c-c04c-42c7-b858-8958d4ab2470
[HTTP] <-- GET /wd/hub/session/b947fd6c-c04c-42c7-b858-8958d4ab2470/source 200 107 ms - 11753 
[HTTP] --> GET /wd/hub/session/b947fd6c-c04c-42c7-b858-8958d4ab2470/screenshot {}
[HTTP] <-- GET /wd/hub/session/b947fd6c-c04c-42c7-b858-8958d4ab2470/screenshot 200 1513 ms - 401606 
[HTTP] --> GET /wd/hub/session/b947fd6c-c04c-42c7-b858-8958d4ab2470/window/current/size {}
[MJSONWP] Driver proxy active, passing request on via HTTP proxy
[JSONWP Proxy] Replacing sessionId bdf1e810-b8a5-4344-98db-15e415da9c31 with b947fd6c-c04c-42c7-b858-8958d4ab2470
[HTTP] <-- GET /wd/hub/session/b947fd6c-c04c-42c7-b858-8958d4ab2470/window/current/size 200 24 ms - 100 
[HTTP] --> POST /wd/hub/session/b947fd6c-c04c-42c7-b858-8958d4ab2470/elements {"using":"xpath","value":"//hierarchy/android.widget.FrameLayout[1]/android.widget.LinearLayout[1]/android.widget.FrameLayout[1]/android.widget.LinearLayout[1]/android.widget.FrameLayout[1]/android.widget.LinearLayout[1]/android.widget.ScrollView[1]/android.widget.LinearLayout[1]/android.widget.LinearLayout[1]/android.view.ViewGroup[1]/android.widget.LinearLayout[1]/android.widget.EditText[1]"}
[HTTP] <-- POST /wd/hub/session/b947fd6c-c04c-42c7-b858-8958d4ab2470/elements 200 63 ms - 124 
[HTTP] --> GET /wd/hub/session/b947fd6c-c04c-42c7-b858-8958d4ab2470 {}
[HTTP] <-- GET /wd/hub/session/b947fd6c-c04c-42c7-b858-8958d4ab2470 200 3 ms - 1049 
[HTTP] --> GET /wd/hub/session/b947fd6c-c04c-42c7-b858-8958d4ab2470 {}
[HTTP] <-- GET /wd/hub/session/b947fd6c-c04c-42c7-b858-8958d4ab2470 200 1 ms - 1049 
[HTTP] --> GET /wd/hub/session/b947fd6c-c04c-42c7-b858-8958d4ab2470 {}
[HTTP] <-- GET /wd/hub/session/b947fd6c-c04c-42c7-b858-8958d4ab2470 200 1 ms - 1049 
[HTTP] --> GET /wd/hub/session/b947fd6c-c04c-42c7-b858-8958d4ab2470 {}
[HTTP] <-- GET /wd/hub/session/b947fd6c-c04c-42c7-b858-8958d4ab2470 200 1 ms - 1049 
[HTTP] --> GET /wd/hub/session/b947fd6c-c04c-42c7-b858-8958d4ab2470/element/929c7895-d25b-426b-acf4-f70335c63c58/location {}
[MJSONWP] Driver proxy active, passing request on via HTTP proxy
[JSONWP Proxy] Replacing sessionId bdf1e810-b8a5-4344-98db-15e415da9c31 with b947fd6c-c04c-42c7-b858-8958d4ab2470
[HTTP] <-- GET /wd/hub/session/b947fd6c-c04c-42c7-b858-8958d4ab2470/element/929c7895-d25b-426b-acf4-f70335c63c58/location 200 21 ms - 89 
[HTTP] --> POST /wd/hub/session/b947fd6c-c04c-42c7-b858-8958d4ab2470/element/929c7895-d25b-426b-acf4-f70335c63c58/clear {"id":"929c7895-d25b-426b-acf4-f70335c63c58"}
[HTTP] <-- POST /wd/hub/session/b947fd6c-c04c-42c7-b858-8958d4ab2470/element/929c7895-d25b-426b-acf4-f70335c63c58/clear 200 2056 ms - 76 
[HTTP] --> POST /wd/hub/session/b947fd6c-c04c-42c7-b858-8958d4ab2470/element/929c7895-d25b-426b-acf4-f70335c63c58/value {"id":"929c7895-d25b-426b-acf4-f70335c63c58","value":["eman mohamed"]}
[HTTP] <-- POST /wd/hub/session/b947fd6c-c04c-42c7-b858-8958d4ab2470/element/929c7895-d25b-426b-acf4-f70335c63c58/value 200 739 ms - 74 
[HTTP] --> GET /wd/hub/session/b947fd6c-c04c-42c7-b858-8958d4ab2470/source {}
[MJSONWP] Driver proxy active, passing request on via HTTP proxy
[JSONWP Proxy] Replacing sessionId bdf1e810-b8a5-4344-98db-15e415da9c31 with b947fd6c-c04c-42c7-b858-8958d4ab2470
[HTTP] <-- GET /wd/hub/session/b947fd6c-c04c-42c7-b858-8958d4ab2470/source 200 130 ms - 9071 
[HTTP] --> GET /wd/hub/session/b947fd6c-c04c-42c7-b858-8958d4ab2470/screenshot {}
[HTTP] <-- GET /wd/hub/session/b947fd6c-c04c-42c7-b858-8958d4ab2470/screenshot 200 1576 ms - 481254 
[HTTP] --> GET /wd/hub/session/b947fd6c-c04c-42c7-b858-8958d4ab2470/window/current/size {}
[MJSONWP] Driver proxy active, passing request on via HTTP proxy
[JSONWP Proxy] Replacing sessionId bdf1e810-b8a5-4344-98db-15e415da9c31 with b947fd6c-c04c-42c7-b858-8958d4ab2470
[HTTP] <-- GET /wd/hub/session/b947fd6c-c04c-42c7-b858-8958d4ab2470/window/current/size 200 22 ms - 100 
[HTTP] --> POST /wd/hub/session/b947fd6c-c04c-42c7-b858-8958d4ab2470/elements {"using":"xpath","value":"//hierarchy/android.widget.FrameLayout[1]/android.widget.LinearLayout[1]/android.widget.FrameLayout[1]/android.widget.LinearLayout[1]/android.widget.FrameLayout[1]/android.widget.LinearLayout[1]/android.widget.ScrollView[1]/android.widget.LinearLayout[1]/android.widget.LinearLayout[1]/android.view.ViewGroup[1]/android.widget.LinearLayout[1]/android.widget.EditText[2]"}
[HTTP] <-- POST /wd/hub/session/b947fd6c-c04c-42c7-b858-8958d4ab2470/elements 200 84 ms - 124 
[HTTP] --> GET /wd/hub/session/b947fd6c-c04c-42c7-b858-8958d4ab2470 {}
[HTTP] <-- GET /wd/hub/session/b947fd6c-c04c-42c7-b858-8958d4ab2470 200 1 ms - 1049 
[HTTP] --> GET /wd/hub/session/b947fd6c-c04c-42c7-b858-8958d4ab2470 {}
[HTTP] <-- GET /wd/hub/session/b947fd6c-c04c-42c7-b858-8958d4ab2470 200 1 ms - 1049 
[HTTP] --> GET /wd/hub/session/b947fd6c-c04c-42c7-b858-8958d4ab2470 {}
[HTTP] <-- GET /wd/hub/session/b947fd6c-c04c-42c7-b858-8958d4ab2470 200 1 ms - 1049 
[HTTP] --> GET /wd/hub/session/b947fd6c-c04c-42c7-b858-8958d4ab2470 {}
[HTTP] <-- GET /wd/hub/session/b947fd6c-c04c-42c7-b858-8958d4ab2470 200 2 ms - 1049 
[HTTP] --> GET /wd/hub/session/b947fd6c-c04c-42c7-b858-8958d4ab2470/element/250a791a-a260-41ec-9b29-f83849c9acbc/location {}
[MJSONWP] Driver proxy active, passing request on via HTTP proxy
[JSONWP Proxy] Replacing sessionId bdf1e810-b8a5-4344-98db-15e415da9c31 with b947fd6c-c04c-42c7-b858-8958d4ab2470
[HTTP] <-- GET /wd/hub/session/b947fd6c-c04c-42c7-b858-8958d4ab2470/element/250a791a-a260-41ec-9b29-f83849c9acbc/location 200 20 ms - 90 
[HTTP] --> POST /wd/hub/session/b947fd6c-c04c-42c7-b858-8958d4ab2470/element/250a791a-a260-41ec-9b29-f83849c9acbc/clear {"id":"250a791a-a260-41ec-9b29-f83849c9acbc"}
[HTTP] <-- POST /wd/hub/session/b947fd6c-c04c-42c7-b858-8958d4ab2470/element/250a791a-a260-41ec-9b29-f83849c9acbc/clear 200 2093 ms - 76 
[HTTP] --> POST /wd/hub/session/b947fd6c-c04c-42c7-b858-8958d4ab2470/element/250a791a-a260-41ec-9b29-f83849c9acbc/value {"id":"250a791a-a260-41ec-9b29-f83849c9acbc","value":["eman@yahoo.com"]}
[HTTP] <-- POST /wd/hub/session/b947fd6c-c04c-42c7-b858-8958d4ab2470/element/250a791a-a260-41ec-9b29-f83849c9acbc/value 200 710 ms - 74 
[HTTP] --> GET /wd/hub/session/b947fd6c-c04c-42c7-b858-8958d4ab2470/source {}
[MJSONWP] Driver proxy active, passing request on via HTTP proxy
[JSONWP Proxy] Replacing sessionId bdf1e810-b8a5-4344-98db-15e415da9c31 with b947fd6c-c04c-42c7-b858-8958d4ab2470
[HTTP] <-- GET /wd/hub/session/b947fd6c-c04c-42c7-b858-8958d4ab2470/source 200 196 ms - 9052 
[HTTP] --> GET /wd/hub/session/b947fd6c-c04c-42c7-b858-8958d4ab2470/screenshot {}
[HTTP] <-- GET /wd/hub/session/b947fd6c-c04c-42c7-b858-8958d4ab2470/screenshot 200 1612 ms - 465958 
[HTTP] --> GET /wd/hub/session/b947fd6c-c04c-42c7-b858-8958d4ab2470/window/current/size {}
[MJSONWP] Driver proxy active, passing request on via HTTP proxy
[JSONWP Proxy] Replacing sessionId bdf1e810-b8a5-4344-98db-15e415da9c31 with b947fd6c-c04c-42c7-b858-8958d4ab2470
[HTTP] <-- GET /wd/hub/session/b947fd6c-c04c-42c7-b858-8958d4ab2470/window/current/size 200 24 ms - 100 
[HTTP] --> POST /wd/hub/session/b947fd6c-c04c-42c7-b858-8958d4ab2470/elements {"using":"xpath","value":"//hierarchy/android.widget.FrameLayout[1]/android.widget.LinearLayout[1]/android.widget.FrameLayout[1]/android.widget.LinearLayout[1]/android.widget.FrameLayout[1]/android.widget.LinearLayout[1]/android.widget.ScrollView[1]/android.widget.LinearLayout[1]/android.widget.LinearLayout[1]/android.view.ViewGroup[1]/android.widget.LinearLayout[1]/android.widget.EditText[3]"}
[HTTP] <-- POST /wd/hub/session/b947fd6c-c04c-42c7-b858-8958d4ab2470/elements 200 76 ms - 124 
[HTTP] --> GET /wd/hub/session/b947fd6c-c04c-42c7-b858-8958d4ab2470 {}
[HTTP] <-- GET /wd/hub/session/b947fd6c-c04c-42c7-b858-8958d4ab2470 200 2 ms - 1049 
[HTTP] --> GET /wd/hub/session/b947fd6c-c04c-42c7-b858-8958d4ab2470 {}
[HTTP] <-- GET /wd/hub/session/b947fd6c-c04c-42c7-b858-8958d4ab2470 200 1 ms - 1049 
[HTTP] --> GET /wd/hub/session/b947fd6c-c04c-42c7-b858-8958d4ab2470 {}
[HTTP] <-- GET /wd/hub/session/b947fd6c-c04c-42c7-b858-8958d4ab2470 200 1 ms - 1049 
[HTTP] --> GET /wd/hub/session/b947fd6c-c04c-42c7-b858-8958d4ab2470 {}
[HTTP] <-- GET /wd/hub/session/b947fd6c-c04c-42c7-b858-8958d4ab2470 200 1 ms - 1049 
[HTTP] --> GET /wd/hub/session/b947fd6c-c04c-42c7-b858-8958d4ab2470/element/8022e8db-4378-42d6-a5a9-510143c210fa/location {}
[MJSONWP] Driver proxy active, passing request on via HTTP proxy
[JSONWP Proxy] Replacing sessionId bdf1e810-b8a5-4344-98db-15e415da9c31 with b947fd6c-c04c-42c7-b858-8958d4ab2470
[HTTP] <-- GET /wd/hub/session/b947fd6c-c04c-42c7-b858-8958d4ab2470/element/8022e8db-4378-42d6-a5a9-510143c210fa/location 200 21 ms - 90 
[HTTP] --> POST /wd/hub/session/b947fd6c-c04c-42c7-b858-8958d4ab2470/element/8022e8db-4378-42d6-a5a9-510143c210fa/clear {"id":"8022e8db-4378-42d6-a5a9-510143c210fa"}
[HTTP] <-- POST /wd/hub/session/b947fd6c-c04c-42c7-b858-8958d4ab2470/element/8022e8db-4378-42d6-a5a9-510143c210fa/clear 200 2141 ms - 76 
[HTTP] --> POST /wd/hub/session/b947fd6c-c04c-42c7-b858-8958d4ab2470/element/8022e8db-4378-42d6-a5a9-510143c210fa/value {"id":"8022e8db-4378-42d6-a5a9-510143c210fa","value":["01211225544"]}
[HTTP] <-- POST /wd/hub/session/b947fd6c-c04c-42c7-b858-8958d4ab2470/element/8022e8db-4378-42d6-a5a9-510143c210fa/value 200 713 ms - 74 
[HTTP] --> GET /wd/hub/session/b947fd6c-c04c-42c7-b858-8958d4ab2470/source {}
[MJSONWP] Driver proxy active, passing request on via HTTP proxy
[JSONWP Proxy] Replacing sessionId bdf1e810-b8a5-4344-98db-15e415da9c31 with b947fd6c-c04c-42c7-b858-8958d4ab2470
[HTTP] <-- GET /wd/hub/session/b947fd6c-c04c-42c7-b858-8958d4ab2470/source 200 196 ms - 9047 
[HTTP] --> GET /wd/hub/session/b947fd6c-c04c-42c7-b858-8958d4ab2470/screenshot {}
[HTTP] <-- GET /wd/hub/session/b947fd6c-c04c-42c7-b858-8958d4ab2470/screenshot 200 1587 ms - 429750 
[HTTP] --> GET /wd/hub/session/b947fd6c-c04c-42c7-b858-8958d4ab2470/context {}
[HTTP] <-- GET /wd/hub/session/b947fd6c-c04c-42c7-b858-8958d4ab2470/context 200 4 ms - 84 
[HTTP] --> GET /wd/hub/session/b947fd6c-c04c-42c7-b858-8958d4ab2470/contexts {}
[HTTP] <-- GET /wd/hub/session/b947fd6c-c04c-42c7-b858-8958d4ab2470/contexts 200 237 ms - 86 
[HTTP] --> POST /wd/hub/session/b947fd6c-c04c-42c7-b858-8958d4ab2470/context {"name":"NATIVE_APP"}
[HTTP] <-- POST /wd/hub/session/b947fd6c-c04c-42c7-b858-8958d4ab2470/context 200 142 ms - 76 
[HTTP] --> POST /wd/hub/session/b947fd6c-c04c-42c7-b858-8958d4ab2470/appium/device/hide_keyboard {}
[HTTP] <-- POST /wd/hub/session/b947fd6c-c04c-42c7-b858-8958d4ab2470/appium/device/hide_keyboard 200 1879 ms - 76 
[HTTP] --> POST /wd/hub/session/b947fd6c-c04c-42c7-b858-8958d4ab2470/context {"name":"NATIVE_APP"}
[HTTP] <-- POST /wd/hub/session/b947fd6c-c04c-42c7-b858-8958d4ab2470/context 200 144 ms - 76 
[HTTP] --> GET /wd/hub/session/b947fd6c-c04c-42c7-b858-8958d4ab2470/source {}
[MJSONWP] Driver proxy active, passing request on via HTTP proxy
[JSONWP Proxy] Replacing sessionId bdf1e810-b8a5-4344-98db-15e415da9c31 with b947fd6c-c04c-42c7-b858-8958d4ab2470
[HTTP] <-- GET /wd/hub/session/b947fd6c-c04c-42c7-b858-8958d4ab2470/source 200 107 ms - 11731 
[HTTP] --> GET /wd/hub/session/b947fd6c-c04c-42c7-b858-8958d4ab2470/screenshot {}
[HTTP] <-- GET /wd/hub/session/b947fd6c-c04c-42c7-b858-8958d4ab2470/screenshot 200 1562 ms - 413574 
[HTTP] --> GET /wd/hub/session/b947fd6c-c04c-42c7-b858-8958d4ab2470/window/current/size {}
[MJSONWP] Driver proxy active, passing request on via HTTP proxy
[JSONWP Proxy] Replacing sessionId bdf1e810-b8a5-4344-98db-15e415da9c31 with b947fd6c-c04c-42c7-b858-8958d4ab2470
[HTTP] <-- GET /wd/hub/session/b947fd6c-c04c-42c7-b858-8958d4ab2470/window/current/size 200 22 ms - 100 
[HTTP] --> POST /wd/hub/session/b947fd6c-c04c-42c7-b858-8958d4ab2470/elements {"using":"xpath","value":"//hierarchy/android.widget.FrameLayout[1]/android.widget.LinearLayout[1]/android.widget.FrameLayout[1]/android.widget.LinearLayout[1]/android.widget.FrameLayout[1]/android.widget.LinearLayout[1]/android.widget.ScrollView[1]/android.widget.LinearLayout[1]/android.widget.LinearLayout[1]/android.view.ViewGroup[1]/android.widget.LinearLayout[1]/android.widget.EditText[4]"}
[HTTP] <-- POST /wd/hub/session/b947fd6c-c04c-42c7-b858-8958d4ab2470/elements 200 66 ms - 124 
[HTTP] --> GET /wd/hub/session/b947fd6c-c04c-42c7-b858-8958d4ab2470 {}
[HTTP] <-- GET /wd/hub/session/b947fd6c-c04c-42c7-b858-8958d4ab2470 200 1 ms - 1049 
[HTTP] --> GET /wd/hub/session/b947fd6c-c04c-42c7-b858-8958d4ab2470 {}
[HTTP] <-- GET /wd/hub/session/b947fd6c-c04c-42c7-b858-8958d4ab2470 200 2 ms - 1049 
[HTTP] --> GET /wd/hub/session/b947fd6c-c04c-42c7-b858-8958d4ab2470 {}
[HTTP] <-- GET /wd/hub/session/b947fd6c-c04c-42c7-b858-8958d4ab2470 200 1 ms - 1049 
[HTTP] --> GET /wd/hub/session/b947fd6c-c04c-42c7-b858-8958d4ab2470 {}
[HTTP] <-- GET /wd/hub/session/b947fd6c-c04c-42c7-b858-8958d4ab2470 200 1 ms - 1049 
[HTTP] --> GET /wd/hub/session/b947fd6c-c04c-42c7-b858-8958d4ab2470/element/1fba3ab2-4fb8-429b-876f-59ed0d0bc95c/location {}
[MJSONWP] Driver proxy active, passing request on via HTTP proxy
[JSONWP Proxy] Replacing sessionId bdf1e810-b8a5-4344-98db-15e415da9c31 with b947fd6c-c04c-42c7-b858-8958d4ab2470
[HTTP] <-- GET /wd/hub/session/b947fd6c-c04c-42c7-b858-8958d4ab2470/element/1fba3ab2-4fb8-429b-876f-59ed0d0bc95c/location 200 22 ms - 90 
[HTTP] --> POST /wd/hub/session/b947fd6c-c04c-42c7-b858-8958d4ab2470/touch/perform {"actions":[{"action":"tap","options":{"element":"1fba3ab2-4fb8-429b-876f-59ed0d0bc95c","x":1,"y":1}}]}
[UiAutomator2] calling get location: 1fba3ab2-4fb8-429b-876f-59ed0d0bc95c
[HTTP] <-- POST /wd/hub/session/b947fd6c-c04c-42c7-b858-8958d4ab2470/touch/perform 200 562 ms - 76 
[HTTP] --> GET /wd/hub/session/b947fd6c-c04c-42c7-b858-8958d4ab2470/source {}
[MJSONWP] Driver proxy active, passing request on via HTTP proxy
[JSONWP Proxy] Replacing sessionId bdf1e810-b8a5-4344-98db-15e415da9c31 with b947fd6c-c04c-42c7-b858-8958d4ab2470
[HTTP] <-- GET /wd/hub/session/b947fd6c-c04c-42c7-b858-8958d4ab2470/source 200 540 ms - 22607 
[HTTP] --> GET /wd/hub/session/b947fd6c-c04c-42c7-b858-8958d4ab2470/screenshot {}
[HTTP] <-- GET /wd/hub/session/b947fd6c-c04c-42c7-b858-8958d4ab2470/screenshot 200 1470 ms - 194330 
[HTTP] --> GET /wd/hub/session/b947fd6c-c04c-42c7-b858-8958d4ab2470/window/current/size {}
[MJSONWP] Driver proxy active, passing request on via HTTP proxy
[JSONWP Proxy] Replacing sessionId bdf1e810-b8a5-4344-98db-15e415da9c31 with b947fd6c-c04c-42c7-b858-8958d4ab2470
[HTTP] <-- GET /wd/hub/session/b947fd6c-c04c-42c7-b858-8958d4ab2470/window/current/size 200 23 ms - 100 
[HTTP] --> POST /wd/hub/session/b947fd6c-c04c-42c7-b858-8958d4ab2470/elements {"using":"xpath","value":"//hierarchy/android.widget.FrameLayout[1]/android.widget.FrameLayout[1]/android.widget.FrameLayout[1]/android.widget.LinearLayout[1]/android.widget.ScrollView[1]/android.widget.LinearLayout[1]/android.widget.Button[1]"}
[HTTP] <-- POST /wd/hub/session/b947fd6c-c04c-42c7-b858-8958d4ab2470/elements 200 60429 ms - 74 
[HTTP] --> GET /wd/hub/session/b947fd6c-c04c-42c7-b858-8958d4ab2470/source {}
[MJSONWP] Driver proxy active, passing request on via HTTP proxy
[JSONWP Proxy] Replacing sessionId bdf1e810-b8a5-4344-98db-15e415da9c31 with b947fd6c-c04c-42c7-b858-8958d4ab2470
[HTTP] <-- GET /wd/hub/session/b947fd6c-c04c-42c7-b858-8958d4ab2470/source 200 102 ms - 11716 
[HTTP] --> GET /wd/hub/session/b947fd6c-c04c-42c7-b858-8958d4ab2470/screenshot {}
[HTTP] <-- GET /wd/hub/session/b947fd6c-c04c-42c7-b858-8958d4ab2470/screenshot 200 1580 ms - 410690 
[HTTP] --> GET /wd/hub/session/b947fd6c-c04c-42c7-b858-8958d4ab2470/window/current/size {}
[MJSONWP] Driver proxy active, passing request on via HTTP proxy
[JSONWP Proxy] Replacing sessionId bdf1e810-b8a5-4344-98db-15e415da9c31 with b947fd6c-c04c-42c7-b858-8958d4ab2470
[HTTP] <-- GET /wd/hub/session/b947fd6c-c04c-42c7-b858-8958d4ab2470/window/current/size 200 23 ms - 100 
[HTTP] --> POST /wd/hub/session/b947fd6c-c04c-42c7-b858-8958d4ab2470/elements {"using":"xpath","value":"//hierarchy/android.widget.FrameLayout[1]/android.widget.LinearLayout[1]/android.widget.FrameLayout[1]/android.widget.LinearLayout[1]/android.widget.FrameLayout[1]/android.widget.LinearLayout[1]/android.widget.ScrollView[1]/android.widget.LinearLayout[1]/android.widget.LinearLayout[1]/android.view.ViewGroup[1]/android.widget.LinearLayout[1]/android.widget.EditText[5]"}
[HTTP] <-- POST /wd/hub/session/b947fd6c-c04c-42c7-b858-8958d4ab2470/elements 200 664 ms - 124 
[HTTP] --> GET /wd/hub/session/b947fd6c-c04c-42c7-b858-8958d4ab2470 {}
[HTTP] <-- GET /wd/hub/session/b947fd6c-c04c-42c7-b858-8958d4ab2470 200 1 ms - 1049 
[HTTP] --> GET /wd/hub/session/b947fd6c-c04c-42c7-b858-8958d4ab2470 {}
[HTTP] <-- GET /wd/hub/session/b947fd6c-c04c-42c7-b858-8958d4ab2470 200 2 ms - 1049 
[HTTP] --> GET /wd/hub/session/b947fd6c-c04c-42c7-b858-8958d4ab2470 {}
[HTTP] <-- GET /wd/hub/session/b947fd6c-c04c-42c7-b858-8958d4ab2470 200 1 ms - 1049 
[HTTP] --> GET /wd/hub/session/b947fd6c-c04c-42c7-b858-8958d4ab2470 {}
[HTTP] <-- GET /wd/hub/session/b947fd6c-c04c-42c7-b858-8958d4ab2470 200 1 ms - 1049 
[HTTP] --> GET /wd/hub/session/b947fd6c-c04c-42c7-b858-8958d4ab2470/element/f276df9c-d9d6-48eb-aec5-9eefc8ad6686/location {}
[MJSONWP] Driver proxy active, passing request on via HTTP proxy
[JSONWP Proxy] Replacing sessionId bdf1e810-b8a5-4344-98db-15e415da9c31 with b947fd6c-c04c-42c7-b858-8958d4ab2470
[HTTP] <-- GET /wd/hub/session/b947fd6c-c04c-42c7-b858-8958d4ab2470/element/f276df9c-d9d6-48eb-aec5-9eefc8ad6686/location 200 19 ms - 90 
[HTTP] --> POST /wd/hub/session/b947fd6c-c04c-42c7-b858-8958d4ab2470/element/f276df9c-d9d6-48eb-aec5-9eefc8ad6686/clear {"id":"f276df9c-d9d6-48eb-aec5-9eefc8ad6686"}
[HTTP] <-- POST /wd/hub/session/b947fd6c-c04c-42c7-b858-8958d4ab2470/element/f276df9c-d9d6-48eb-aec5-9eefc8ad6686/clear 200 1984 ms - 76 
[HTTP] --> POST /wd/hub/session/b947fd6c-c04c-42c7-b858-8958d4ab2470/element/f276df9c-d9d6-48eb-aec5-9eefc8ad6686/value {"id":"f276df9c-d9d6-48eb-aec5-9eefc8ad6686","value":["12365412354687"]}
[HTTP] <-- POST /wd/hub/session/b947fd6c-c04c-42c7-b858-8958d4ab2470/element/f276df9c-d9d6-48eb-aec5-9eefc8ad6686/value 200 714 ms - 74 
[HTTP] --> GET /wd/hub/session/b947fd6c-c04c-42c7-b858-8958d4ab2470/source {}
[MJSONWP] Driver proxy active, passing request on via HTTP proxy
[JSONWP Proxy] Replacing sessionId bdf1e810-b8a5-4344-98db-15e415da9c31 with b947fd6c-c04c-42c7-b858-8958d4ab2470
[HTTP] <-- GET /wd/hub/session/b947fd6c-c04c-42c7-b858-8958d4ab2470/source 200 204 ms - 8543 
[HTTP] --> GET /wd/hub/session/b947fd6c-c04c-42c7-b858-8958d4ab2470/screenshot {}
[HTTP] <-- GET /wd/hub/session/b947fd6c-c04c-42c7-b858-8958d4ab2470/screenshot 200 1580 ms - 424654 
[HTTP] --> GET /wd/hub/session/b947fd6c-c04c-42c7-b858-8958d4ab2470/context {}
[HTTP] <-- GET /wd/hub/session/b947fd6c-c04c-42c7-b858-8958d4ab2470/context 200 1 ms - 84 
[HTTP] --> GET /wd/hub/session/b947fd6c-c04c-42c7-b858-8958d4ab2470/contexts {}
[HTTP] <-- GET /wd/hub/session/b947fd6c-c04c-42c7-b858-8958d4ab2470/contexts 200 164 ms - 86 
[HTTP] --> POST /wd/hub/session/b947fd6c-c04c-42c7-b858-8958d4ab2470/context {"name":"NATIVE_APP"}
[HTTP] <-- POST /wd/hub/session/b947fd6c-c04c-42c7-b858-8958d4ab2470/context 200 147 ms - 76 
[HTTP] --> POST /wd/hub/session/b947fd6c-c04c-42c7-b858-8958d4ab2470/appium/device/hide_keyboard {}
[HTTP] <-- POST /wd/hub/session/b947fd6c-c04c-42c7-b858-8958d4ab2470/appium/device/hide_keyboard 200 1834 ms - 76 
[HTTP] --> POST /wd/hub/session/b947fd6c-c04c-42c7-b858-8958d4ab2470/context {"name":"NATIVE_APP"}
[HTTP] <-- POST /wd/hub/session/b947fd6c-c04c-42c7-b858-8958d4ab2470/context 200 151 ms - 76 
[HTTP] --> GET /wd/hub/session/b947fd6c-c04c-42c7-b858-8958d4ab2470/source {}
[MJSONWP] Driver proxy active, passing request on via HTTP proxy
[JSONWP Proxy] Replacing sessionId bdf1e810-b8a5-4344-98db-15e415da9c31 with b947fd6c-c04c-42c7-b858-8958d4ab2470
[HTTP] <-- GET /wd/hub/session/b947fd6c-c04c-42c7-b858-8958d4ab2470/source 200 105 ms - 10757 
[HTTP] --> GET /wd/hub/session/b947fd6c-c04c-42c7-b858-8958d4ab2470/screenshot {}
[HTTP] <-- GET /wd/hub/session/b947fd6c-c04c-42c7-b858-8958d4ab2470/screenshot 200 1480 ms - 396930 
[HTTP] --> GET /wd/hub/session/b947fd6c-c04c-42c7-b858-8958d4ab2470/window/current/size {}
[MJSONWP] Driver proxy active, passing request on via HTTP proxy
[JSONWP Proxy] Replacing sessionId bdf1e810-b8a5-4344-98db-15e415da9c31 with b947fd6c-c04c-42c7-b858-8958d4ab2470
[HTTP] <-- GET /wd/hub/session/b947fd6c-c04c-42c7-b858-8958d4ab2470/window/current/size 200 20 ms - 100 
[HTTP] --> POST /wd/hub/session/b947fd6c-c04c-42c7-b858-8958d4ab2470/elements {"using":"xpath","value":"//hierarchy/android.widget.FrameLayout[1]/android.widget.LinearLayout[1]/android.widget.FrameLayout[1]/android.widget.LinearLayout[1]/android.widget.FrameLayout[1]/android.widget.LinearLayout[1]/android.widget.ScrollView[1]/android.widget.LinearLayout[1]/android.widget.LinearLayout[1]/android.view.ViewGroup[1]/android.widget.LinearLayout[1]/android.widget.EditText[6]"}
[HTTP] <-- POST /wd/hub/session/b947fd6c-c04c-42c7-b858-8958d4ab2470/elements 200 60 ms - 124 
[HTTP] --> GET /wd/hub/session/b947fd6c-c04c-42c7-b858-8958d4ab2470 {}
[HTTP] <-- GET /wd/hub/session/b947fd6c-c04c-42c7-b858-8958d4ab2470 200 1 ms - 1049 
[HTTP] --> GET /wd/hub/session/b947fd6c-c04c-42c7-b858-8958d4ab2470 {}
[HTTP] <-- GET /wd/hub/session/b947fd6c-c04c-42c7-b858-8958d4ab2470 200 3 ms - 1049 
[HTTP] --> GET /wd/hub/session/b947fd6c-c04c-42c7-b858-8958d4ab2470 {}
[HTTP] <-- GET /wd/hub/session/b947fd6c-c04c-42c7-b858-8958d4ab2470 200 1 ms - 1049 
[HTTP] --> GET /wd/hub/session/b947fd6c-c04c-42c7-b858-8958d4ab2470 {}
[HTTP] <-- GET /wd/hub/session/b947fd6c-c04c-42c7-b858-8958d4ab2470 200 1 ms - 1049 
[HTTP] --> GET /wd/hub/session/b947fd6c-c04c-42c7-b858-8958d4ab2470/element/d06ac532-7b45-423d-9dc4-019343084dbf/location {}
[MJSONWP] Driver proxy active, passing request on via HTTP proxy
[JSONWP Proxy] Replacing sessionId bdf1e810-b8a5-4344-98db-15e415da9c31 with b947fd6c-c04c-42c7-b858-8958d4ab2470
[HTTP] <-- GET /wd/hub/session/b947fd6c-c04c-42c7-b858-8958d4ab2470/element/d06ac532-7b45-423d-9dc4-019343084dbf/location 200 25 ms - 90 
[HTTP] --> POST /wd/hub/session/b947fd6c-c04c-42c7-b858-8958d4ab2470/element/d06ac532-7b45-423d-9dc4-019343084dbf/clear {"id":"d06ac532-7b45-423d-9dc4-019343084dbf"}
[HTTP] <-- POST /wd/hub/session/b947fd6c-c04c-42c7-b858-8958d4ab2470/element/d06ac532-7b45-423d-9dc4-019343084dbf/clear 200 2215 ms - 76 
[HTTP] --> POST /wd/hub/session/b947fd6c-c04c-42c7-b858-8958d4ab2470/element/d06ac532-7b45-423d-9dc4-019343084dbf/value {"id":"d06ac532-7b45-423d-9dc4-019343084dbf","value":[" "]}
[HTTP] <-- POST /wd/hub/session/b947fd6c-c04c-42c7-b858-8958d4ab2470/element/d06ac532-7b45-423d-9dc4-019343084dbf/value 200 704 ms - 74 
[HTTP] --> GET /wd/hub/session/b947fd6c-c04c-42c7-b858-8958d4ab2470/source {}
[MJSONWP] Driver proxy active, passing request on via HTTP proxy
[JSONWP Proxy] Replacing sessionId bdf1e810-b8a5-4344-98db-15e415da9c31 with b947fd6c-c04c-42c7-b858-8958d4ab2470
[HTTP] <-- GET /wd/hub/session/b947fd6c-c04c-42c7-b858-8958d4ab2470/source 200 210 ms - 8992 
[HTTP] --> GET /wd/hub/session/b947fd6c-c04c-42c7-b858-8958d4ab2470/screenshot {}
[HTTP] <-- GET /wd/hub/session/b947fd6c-c04c-42c7-b858-8958d4ab2470/screenshot 200 1583 ms - 483898 
[HTTP] --> GET /wd/hub/session/b947fd6c-c04c-42c7-b858-8958d4ab2470/context {}
[HTTP] <-- GET /wd/hub/session/b947fd6c-c04c-42c7-b858-8958d4ab2470/context 200 1 ms - 84 
[HTTP] --> GET /wd/hub/session/b947fd6c-c04c-42c7-b858-8958d4ab2470/contexts {}
[HTTP] <-- GET /wd/hub/session/b947fd6c-c04c-42c7-b858-8958d4ab2470/contexts 200 229 ms - 86 
[HTTP] --> POST /wd/hub/session/b947fd6c-c04c-42c7-b858-8958d4ab2470/context {"name":"NATIVE_APP"}
[HTTP] <-- POST /wd/hub/session/b947fd6c-c04c-42c7-b858-8958d4ab2470/context 200 140 ms - 76 
[HTTP] --> POST /wd/hub/session/b947fd6c-c04c-42c7-b858-8958d4ab2470/appium/device/hide_keyboard {}
[HTTP] <-- POST /wd/hub/session/b947fd6c-c04c-42c7-b858-8958d4ab2470/appium/device/hide_keyboard 200 1871 ms - 76 
[HTTP] --> POST /wd/hub/session/b947fd6c-c04c-42c7-b858-8958d4ab2470/context {"name":"NATIVE_APP"}
[HTTP] <-- POST /wd/hub/session/b947fd6c-c04c-42c7-b858-8958d4ab2470/context 200 131 ms - 76 
[HTTP] --> GET /wd/hub/session/b947fd6c-c04c-42c7-b858-8958d4ab2470/source {}
[MJSONWP] Driver proxy active, passing request on via HTTP proxy
[JSONWP Proxy] Replacing sessionId bdf1e810-b8a5-4344-98db-15e415da9c31 with b947fd6c-c04c-42c7-b858-8958d4ab2470
[HTTP] <-- GET /wd/hub/session/b947fd6c-c04c-42c7-b858-8958d4ab2470/source 200 100 ms - 10762 
[HTTP] --> GET /wd/hub/session/b947fd6c-c04c-42c7-b858-8958d4ab2470/screenshot {}
[HTTP] <-- GET /wd/hub/session/b947fd6c-c04c-42c7-b858-8958d4ab2470/screenshot 200 1478 ms - 352970 
[HTTP] --> GET /wd/hub/session/b947fd6c-c04c-42c7-b858-8958d4ab2470/window/current/size {}
[MJSONWP] Driver proxy active, passing request on via HTTP proxy
[JSONWP Proxy] Replacing sessionId bdf1e810-b8a5-4344-98db-15e415da9c31 with b947fd6c-c04c-42c7-b858-8958d4ab2470
[HTTP] <-- GET /wd/hub/session/b947fd6c-c04c-42c7-b858-8958d4ab2470/window/current/size 200 21 ms - 100 
[HTTP] --> POST /wd/hub/session/b947fd6c-c04c-42c7-b858-8958d4ab2470/elements {"using":"xpath","value":"//hierarchy/android.widget.FrameLayout[1]/android.widget.LinearLayout[1]/android.widget.FrameLayout[1]/android.widget.LinearLayout[1]/android.widget.FrameLayout[1]/android.widget.LinearLayout[1]/android.widget.ScrollView[1]/android.widget.LinearLayout[1]/android.widget.LinearLayout[1]/android.view.ViewGroup[1]/android.widget.LinearLayout[1]/android.widget.Spinner[1]/android.widget.TextView[1]"}
[HTTP] <-- POST /wd/hub/session/b947fd6c-c04c-42c7-b858-8958d4ab2470/elements 200 75 ms - 124 
[HTTP] --> GET /wd/hub/session/b947fd6c-c04c-42c7-b858-8958d4ab2470 {}
[HTTP] <-- GET /wd/hub/session/b947fd6c-c04c-42c7-b858-8958d4ab2470 200 2 ms - 1049 
[HTTP] --> GET /wd/hub/session/b947fd6c-c04c-42c7-b858-8958d4ab2470 {}
[HTTP] <-- GET /wd/hub/session/b947fd6c-c04c-42c7-b858-8958d4ab2470 200 1 ms - 1049 
[HTTP] --> GET /wd/hub/session/b947fd6c-c04c-42c7-b858-8958d4ab2470 {}
[HTTP] <-- GET /wd/hub/session/b947fd6c-c04c-42c7-b858-8958d4ab2470 200 1 ms - 1049 
[HTTP] --> GET /wd/hub/session/b947fd6c-c04c-42c7-b858-8958d4ab2470 {}
[HTTP] <-- GET /wd/hub/session/b947fd6c-c04c-42c7-b858-8958d4ab2470 200 1 ms - 1049 
[HTTP] --> GET /wd/hub/session/b947fd6c-c04c-42c7-b858-8958d4ab2470/element/6ce0532f-10fd-4e56-8efe-fc3939ff9b44/location {}
[MJSONWP] Driver proxy active, passing request on via HTTP proxy
[JSONWP Proxy] Replacing sessionId bdf1e810-b8a5-4344-98db-15e415da9c31 with b947fd6c-c04c-42c7-b858-8958d4ab2470
[HTTP] <-- GET /wd/hub/session/b947fd6c-c04c-42c7-b858-8958d4ab2470/element/6ce0532f-10fd-4e56-8efe-fc3939ff9b44/location 200 21 ms - 90 
[HTTP] --> POST /wd/hub/session/b947fd6c-c04c-42c7-b858-8958d4ab2470/touch/perform {"actions":[{"action":"tap","options":{"element":"6ce0532f-10fd-4e56-8efe-fc3939ff9b44","x":1,"y":1}}]}
[UiAutomator2] calling get location: 6ce0532f-10fd-4e56-8efe-fc3939ff9b44
[HTTP] <-- POST /wd/hub/session/b947fd6c-c04c-42c7-b858-8958d4ab2470/touch/perform 200 70 ms - 76 
[HTTP] --> GET /wd/hub/session/b947fd6c-c04c-42c7-b858-8958d4ab2470/source {}
[MJSONWP] Driver proxy active, passing request on via HTTP proxy
[JSONWP Proxy] Replacing sessionId bdf1e810-b8a5-4344-98db-15e415da9c31 with b947fd6c-c04c-42c7-b858-8958d4ab2470
[HTTP] <-- GET /wd/hub/session/b947fd6c-c04c-42c7-b858-8958d4ab2470/source 200 437 ms - 6261 
[HTTP] --> GET /wd/hub/session/b947fd6c-c04c-42c7-b858-8958d4ab2470/screenshot {}
[HTTP] <-- GET /wd/hub/session/b947fd6c-c04c-42c7-b858-8958d4ab2470/screenshot 200 1619 ms - 305686 
[HTTP] --> GET /wd/hub/session/b947fd6c-c04c-42c7-b858-8958d4ab2470/window/current/size {}
[MJSONWP] Driver proxy active, passing request on via HTTP proxy
[JSONWP Proxy] Replacing sessionId bdf1e810-b8a5-4344-98db-15e415da9c31 with b947fd6c-c04c-42c7-b858-8958d4ab2470
[HTTP] <-- GET /wd/hub/session/b947fd6c-c04c-42c7-b858-8958d4ab2470/window/current/size 200 21 ms - 100 
[HTTP] --> POST /wd/hub/session/b947fd6c-c04c-42c7-b858-8958d4ab2470/elements {"using":"xpath","value":"//hierarchy/android.widget.FrameLayout[1]/android.widget.FrameLayout[1]/android.widget.ListView[1]/android.widget.CheckedTextView[10]"}
[HTTP] <-- POST /wd/hub/session/b947fd6c-c04c-42c7-b858-8958d4ab2470/elements 200 64 ms - 124 
[HTTP] --> GET /wd/hub/session/b947fd6c-c04c-42c7-b858-8958d4ab2470 {}
[HTTP] <-- GET /wd/hub/session/b947fd6c-c04c-42c7-b858-8958d4ab2470 200 1 ms - 1049 
[HTTP] --> GET /wd/hub/session/b947fd6c-c04c-42c7-b858-8958d4ab2470 {}
[HTTP] <-- GET /wd/hub/session/b947fd6c-c04c-42c7-b858-8958d4ab2470 200 1 ms - 1049 
[HTTP] --> GET /wd/hub/session/b947fd6c-c04c-42c7-b858-8958d4ab2470 {}
[HTTP] <-- GET /wd/hub/session/b947fd6c-c04c-42c7-b858-8958d4ab2470 200 1 ms - 1049 
[HTTP] --> GET /wd/hub/session/b947fd6c-c04c-42c7-b858-8958d4ab2470 {}
[HTTP] <-- GET /wd/hub/session/b947fd6c-c04c-42c7-b858-8958d4ab2470 200 1 ms - 1049 
[HTTP] --> GET /wd/hub/session/b947fd6c-c04c-42c7-b858-8958d4ab2470/element/66f228ff-7daf-471c-b623-b2d273545428/location {}
[MJSONWP] Driver proxy active, passing request on via HTTP proxy
[JSONWP Proxy] Replacing sessionId bdf1e810-b8a5-4344-98db-15e415da9c31 with b947fd6c-c04c-42c7-b858-8958d4ab2470
[HTTP] <-- GET /wd/hub/session/b947fd6c-c04c-42c7-b858-8958d4ab2470/element/66f228ff-7daf-471c-b623-b2d273545428/location 200 17 ms - 90 
[HTTP] --> POST /wd/hub/session/b947fd6c-c04c-42c7-b858-8958d4ab2470/touch/perform {"actions":[{"action":"tap","options":{"element":"66f228ff-7daf-471c-b623-b2d273545428","x":1,"y":1}}]}
[UiAutomator2] calling get location: 66f228ff-7daf-471c-b623-b2d273545428
[HTTP] <-- POST /wd/hub/session/b947fd6c-c04c-42c7-b858-8958d4ab2470/touch/perform 200 800 ms - 76 
[HTTP] --> GET /wd/hub/session/b947fd6c-c04c-42c7-b858-8958d4ab2470/source {}
[MJSONWP] Driver proxy active, passing request on via HTTP proxy
[JSONWP Proxy] Replacing sessionId bdf1e810-b8a5-4344-98db-15e415da9c31 with b947fd6c-c04c-42c7-b858-8958d4ab2470
[HTTP] <-- GET /wd/hub/session/b947fd6c-c04c-42c7-b858-8958d4ab2470/source 200 98 ms - 10754 
[HTTP] --> GET /wd/hub/session/b947fd6c-c04c-42c7-b858-8958d4ab2470/screenshot {}
[HTTP] <-- GET /wd/hub/session/b947fd6c-c04c-42c7-b858-8958d4ab2470/screenshot 200 1496 ms - 351522 
[HTTP] --> GET /wd/hub/session/b947fd6c-c04c-42c7-b858-8958d4ab2470/window/current/size {}
[MJSONWP] Driver proxy active, passing request on via HTTP proxy
[JSONWP Proxy] Replacing sessionId bdf1e810-b8a5-4344-98db-15e415da9c31 with b947fd6c-c04c-42c7-b858-8958d4ab2470
[HTTP] <-- GET /wd/hub/session/b947fd6c-c04c-42c7-b858-8958d4ab2470/window/current/size 200 20 ms - 100 
[HTTP] --> POST /wd/hub/session/b947fd6c-c04c-42c7-b858-8958d4ab2470/elements {"using":"xpath","value":"//hierarchy/android.widget.FrameLayout[1]/android.widget.LinearLayout[1]/android.widget.FrameLayout[1]/android.widget.LinearLayout[1]/android.widget.FrameLayout[1]/android.widget.LinearLayout[1]/android.widget.ScrollView[1]/android.widget.LinearLayout[1]/android.widget.LinearLayout[1]/android.view.ViewGroup[1]/android.widget.LinearLayout[1]/android.widget.EditText[7]"}
[HTTP] <-- POST /wd/hub/session/b947fd6c-c04c-42c7-b858-8958d4ab2470/elements 200 73 ms - 124 
[HTTP] --> GET /wd/hub/session/b947fd6c-c04c-42c7-b858-8958d4ab2470 {}
[HTTP] <-- GET /wd/hub/session/b947fd6c-c04c-42c7-b858-8958d4ab2470 200 1 ms - 1049 
[HTTP] --> GET /wd/hub/session/b947fd6c-c04c-42c7-b858-8958d4ab2470 {}
[HTTP] <-- GET /wd/hub/session/b947fd6c-c04c-42c7-b858-8958d4ab2470 200 1 ms - 1049 
[HTTP] --> GET /wd/hub/session/b947fd6c-c04c-42c7-b858-8958d4ab2470 {}
[HTTP] <-- GET /wd/hub/session/b947fd6c-c04c-42c7-b858-8958d4ab2470 200 1 ms - 1049 
[HTTP] --> GET /wd/hub/session/b947fd6c-c04c-42c7-b858-8958d4ab2470 {}
[HTTP] <-- GET /wd/hub/session/b947fd6c-c04c-42c7-b858-8958d4ab2470 200 2 ms - 1049 
[HTTP] --> GET /wd/hub/session/b947fd6c-c04c-42c7-b858-8958d4ab2470/element/32a700cf-cf0d-41df-998a-29bdedb60fb5/location {}
[MJSONWP] Driver proxy active, passing request on via HTTP proxy
[JSONWP Proxy] Replacing sessionId bdf1e810-b8a5-4344-98db-15e415da9c31 with b947fd6c-c04c-42c7-b858-8958d4ab2470
[HTTP] <-- GET /wd/hub/session/b947fd6c-c04c-42c7-b858-8958d4ab2470/element/32a700cf-cf0d-41df-998a-29bdedb60fb5/location 200 18 ms - 90 
[HTTP] --> POST /wd/hub/session/b947fd6c-c04c-42c7-b858-8958d4ab2470/element/32a700cf-cf0d-41df-998a-29bdedb60fb5/clear {"id":"32a700cf-cf0d-41df-998a-29bdedb60fb5"}
[HTTP] <-- POST /wd/hub/session/b947fd6c-c04c-42c7-b858-8958d4ab2470/element/32a700cf-cf0d-41df-998a-29bdedb60fb5/clear 200 3186 ms - 76 
[HTTP] --> POST /wd/hub/session/b947fd6c-c04c-42c7-b858-8958d4ab2470/element/32a700cf-cf0d-41df-998a-29bdedb60fb5/value {"id":"32a700cf-cf0d-41df-998a-29bdedb60fb5","value":[""]}
[HTTP] <-- POST /wd/hub/session/b947fd6c-c04c-42c7-b858-8958d4ab2470/element/32a700cf-cf0d-41df-998a-29bdedb60fb5/value 200 681 ms - 74 
[HTTP] --> GET /wd/hub/session/b947fd6c-c04c-42c7-b858-8958d4ab2470/source {}
[MJSONWP] Driver proxy active, passing request on via HTTP proxy
[JSONWP Proxy] Replacing sessionId bdf1e810-b8a5-4344-98db-15e415da9c31 with b947fd6c-c04c-42c7-b858-8958d4ab2470
[HTTP] <-- GET /wd/hub/session/b947fd6c-c04c-42c7-b858-8958d4ab2470/source 200 155 ms - 10408 
[HTTP] --> GET /wd/hub/session/b947fd6c-c04c-42c7-b858-8958d4ab2470/screenshot {}
[HTTP] <-- GET /wd/hub/session/b947fd6c-c04c-42c7-b858-8958d4ab2470/screenshot 200 1594 ms - 433366 
[HTTP] --> GET /wd/hub/session/b947fd6c-c04c-42c7-b858-8958d4ab2470/context {}
[HTTP] <-- GET /wd/hub/session/b947fd6c-c04c-42c7-b858-8958d4ab2470/context 200 2 ms - 84 
[HTTP] --> GET /wd/hub/session/b947fd6c-c04c-42c7-b858-8958d4ab2470/contexts {}
[HTTP] <-- GET /wd/hub/session/b947fd6c-c04c-42c7-b858-8958d4ab2470/contexts 200 146 ms - 86 
[HTTP] --> POST /wd/hub/session/b947fd6c-c04c-42c7-b858-8958d4ab2470/context {"name":"NATIVE_APP"}
[HTTP] <-- POST /wd/hub/session/b947fd6c-c04c-42c7-b858-8958d4ab2470/context 200 158 ms - 76 
[HTTP] --> POST /wd/hub/session/b947fd6c-c04c-42c7-b858-8958d4ab2470/appium/device/hide_keyboard {}
[HTTP] <-- POST /wd/hub/session/b947fd6c-c04c-42c7-b858-8958d4ab2470/appium/device/hide_keyboard 200 1875 ms - 76 
[HTTP] --> POST /wd/hub/session/b947fd6c-c04c-42c7-b858-8958d4ab2470/context {"name":"NATIVE_APP"}
[HTTP] <-- POST /wd/hub/session/b947fd6c-c04c-42c7-b858-8958d4ab2470/context 200 135 ms - 76 
[HTTP] --> GET /wd/hub/session/b947fd6c-c04c-42c7-b858-8958d4ab2470/source {}
[MJSONWP] Driver proxy active, passing request on via HTTP proxy
[JSONWP Proxy] Replacing sessionId bdf1e810-b8a5-4344-98db-15e415da9c31 with b947fd6c-c04c-42c7-b858-8958d4ab2470
[HTTP] <-- GET /wd/hub/session/b947fd6c-c04c-42c7-b858-8958d4ab2470/source 200 102 ms - 10842 
[HTTP] --> GET /wd/hub/session/b947fd6c-c04c-42c7-b858-8958d4ab2470/screenshot {}
[HTTP] <-- GET /wd/hub/session/b947fd6c-c04c-42c7-b858-8958d4ab2470/screenshot 200 1452 ms - 345002 
[HTTP] --> DELETE /wd/hub/session/b947fd6c-c04c-42c7-b858-8958d4ab2470 {}
[Appium] Removing session b947fd6c-c04c-42c7-b858-8958d4ab2470 from our master session list
[HTTP] <-- DELETE /wd/hub/session/b947fd6c-c04c-42c7-b858-8958d4ab2470 200 2196 ms - 76 
